<?xml version="1.0" encoding="UTF-8"?>
<!-- Generated by org.testng.reporters.JUnitXMLReporter -->
<testsuite ignored="0" hostname="LAPTOP-M5TETQVQ" failures="0" tests="2" name="CartPageTest" time="3.859" errors="0" timestamp="2024-12-29T19:19:34 IST">
  <testcase classname="com.TestCases.CartPageTest" name="getProductDetails" time="0.0">
    <skipped/>
  </testcase> <!-- getProductDetails -->
  <testcase classname="com.TestCases.CartPageTest" name="validateOrder" time="0.0">
    <skipped/>
  </testcase> <!-- validateOrder -->
</testsuite> <!-- CartPageTest -->
